  MyForm.cpp
C:\Users\gosta\Desktop\Analysis-Of-Algorithm-CW\FSPG\FSPG\MyForm.cpp(48,11): error C2039: 'newGameButton': is not a member of 'FSPG::MyForm'
      C:\Users\gosta\Desktop\Analysis-Of-Algorithm-CW\FSPG\FSPG\MyForm.h(9,22):
      see declaration of 'FSPG::MyForm'
  
C:\Users\gosta\Desktop\Analysis-Of-Algorithm-CW\FSPG\FSPG\MyForm.cpp(49,5): error C2065: 'newGameButton': undeclared identifier
C:\Users\gosta\Desktop\Analysis-Of-Algorithm-CW\FSPG\FSPG\MyForm.cpp(50,5): error C2065: 'newGameButton': undeclared identifier
C:\Users\gosta\Desktop\Analysis-Of-Algorithm-CW\FSPG\FSPG\MyForm.cpp(51,5): error C2065: 'newGameButton': undeclared identifier
C:\Users\gosta\Desktop\Analysis-Of-Algorithm-CW\FSPG\FSPG\MyForm.cpp(51,63): error C2039: 'newGameButton_Click': is not a member of 'FSPG::MyForm'
      C:\Users\gosta\Desktop\Analysis-Of-Algorithm-CW\FSPG\FSPG\MyForm.h(9,22):
      see declaration of 'FSPG::MyForm'
  
C:\Users\gosta\Desktop\Analysis-Of-Algorithm-CW\FSPG\FSPG\MyForm.cpp(51,63): error C2065: 'newGameButton_Click': undeclared identifier
C:\Users\gosta\Desktop\Analysis-Of-Algorithm-CW\FSPG\FSPG\MyForm.cpp(51,47): error C3924: error in argument #2 of delegate constructor call 'System::EventHandler':
      C:\Users\gosta\Desktop\Analysis-Of-Algorithm-CW\FSPG\FSPG\MyForm.cpp(51,47):
      pointer to member function expected
  
C:\Users\gosta\Desktop\Analysis-Of-Algorithm-CW\FSPG\FSPG\MyForm.cpp(52,28): error C2065: 'newGameButton': undeclared identifier
C:\Users\gosta\Desktop\Analysis-Of-Algorithm-CW\FSPG\FSPG\MyForm.cpp(53,21): error C2065: 'newGameButton': undeclared identifier
C:\Users\gosta\Desktop\Analysis-Of-Algorithm-CW\FSPG\FSPG\MyForm.cpp(56,11): error C2039: 'logTextBox': is not a member of 'FSPG::MyForm'
      C:\Users\gosta\Desktop\Analysis-Of-Algorithm-CW\FSPG\FSPG\MyForm.h(9,22):
      see declaration of 'FSPG::MyForm'
  
C:\Users\gosta\Desktop\Analysis-Of-Algorithm-CW\FSPG\FSPG\MyForm.cpp(57,5): error C2065: 'logTextBox': undeclared identifier
C:\Users\gosta\Desktop\Analysis-Of-Algorithm-CW\FSPG\FSPG\MyForm.cpp(58,5): error C2065: 'logTextBox': undeclared identifier
C:\Users\gosta\Desktop\Analysis-Of-Algorithm-CW\FSPG\FSPG\MyForm.cpp(59,5): error C2065: 'logTextBox': undeclared identifier
C:\Users\gosta\Desktop\Analysis-Of-Algorithm-CW\FSPG\FSPG\MyForm.cpp(60,5): error C2065: 'logTextBox': undeclared identifier
C:\Users\gosta\Desktop\Analysis-Of-Algorithm-CW\FSPG\FSPG\MyForm.cpp(61,28): error C2065: 'logTextBox': undeclared identifier
C:\Users\gosta\Desktop\Analysis-Of-Algorithm-CW\FSPG\FSPG\MyForm.cpp(62,21): error C2065: 'logTextBox': undeclared identifier
